make all --print-data-base --no-builtin-variables --no-builtin-rules --question
make: *** No rule to make target 'all'.  Stop.

# GNU Make 4.3
# Built for x86_64-pc-linux-gnu
# Copyright (C) 1988-2020 Free Software Foundation, Inc.
# License GPLv3+: GNU GPL version 3 or later <http://gnu.org/licenses/gpl.html>
# This is free software: you are free to change and redistribute it.
# There is NO WARRANTY, to the extent permitted by law.

# Make data base, printed on Wed Jul 20 22:08:40 2022

# Variables

# environment
LC_ALL = C
# environment
NEMU_HOME = /home/clares/ics-pa/nemu
# environment
LC_NAME = zh_CN.UTF-8
# environment
LC_NUMERIC = zh_CN.UTF-8
# environment
VSCODE_CWD = /home/clares
# makefile (from 'nemu/scripts/git.mk', line 9)
define git_commit
	# -@git add $(NEMU_HOME)/.. -A --ignore-errors
	# -@while (test -e .git/index.lock); do sleep 0.1; done
	# -@(echo "> $(1)" && echo $(STUID) && hostnamectl && uptime) | git commit -F - $(GITFLAGS)
	# -@sync
endef
# environment
LC_ADDRESS = zh_CN.UTF-8
# default
MAKE_COMMAND := make
# environment
VSCODE_HANDLES_SIGPIPE = true
# automatic
@D = $(patsubst %/,%,$(dir $@))
# makefile (from 'nemu/scripts/git.mk', line 2)
STUNAME = 张三
# environment
VSCODE_HANDLES_UNCAUGHT_ERRORS = true
# default
.VARIABLES := 
# environment
PWD = /home/clares/ics-pa
# automatic
%D = $(patsubst %/,%,$(dir $%))
# environment
LSCOLORS = Gxfxcxdxbxegedabagacad
# environment
OLDPWD = /home/clares
# automatic
^D = $(patsubst %/,%,$(dir $^))
# automatic
%F = $(notdir $%)
# environment
LANG = C
# default
.LOADED := 
# default
.INCLUDE_DIRS = /usr/local/include /usr/include /usr/include
# makefile
MAKEFLAGS = pqrR
# makefile
CURDIR := /home/clares/ics-pa
# environment
APPLICATION_INSIGHTS_NO_DIAGNOSTIC_CHANNEL = true
# automatic
*D = $(patsubst %/,%,$(dir $*))
# makefile (from 'nemu/scripts/git.mk', line 6)
GITFLAGS = -q --author='tracer-ics2021 <tracer@njuics.org>' --no-verify --allow-empty
# environment
MFLAGS = -pqrR
# default
.SHELLFLAGS := -c
# automatic
+D = $(patsubst %/,%,$(dir $+))
# makefile (from 'nemu/scripts/git.mk', line 1)
MAKEFILE_LIST := Makefile nemu/scripts/git.mk
# automatic
@F = $(notdir $@)
# environment
ZSH = /home/clares/.oh-my-zsh
# environment
XDG_SESSION_TYPE = tty
# automatic
?D = $(patsubst %/,%,$(dir $?))
# automatic
*F = $(notdir $*)
# environment
DBUS_SESSION_BUS_ADDRESS = unix:path=/run/user/1000/bus
# automatic
<D = $(patsubst %/,%,$(dir $<))
# environment
VSCODE_NLS_CONFIG = {"locale":"zh-cn","availableLanguages":{}}
# default
MAKE_HOST := x86_64-pc-linux-gnu
# makefile
SHELL = /bin/sh
# default
MAKECMDGOALS := all
# environment
SHLVL = 1
# environment
MAKELEVEL := 0
# default
MAKE = $(MAKE_COMMAND)
# environment
PATH = /home/clares/.vscode-server/bin/b06ae3b2d2dbfe28bca3134cc6be65935cdfea6a/bin/remote-cli:/usr/local/sbin:/usr/local/bin:/usr/sbin:/usr/bin:/sbin:/bin:/usr/games:/usr/local/games:/snap/bin
# default
MAKEFILES := 
# environment
LANGUAGE = en_US:
# environment
MOTD_SHOWN = pam
# environment
LC_MONETARY = zh_CN.UTF-8
# automatic
^F = $(notdir $^)
# environment
LC_TIME = zh_CN.UTF-8
# environment
SSH_CLIENT = 172.16.200.1 39280 22
# environment
LC_TELEPHONE = zh_CN.UTF-8
# automatic
?F = $(notdir $?)
# environment
LS_COLORS = 
# automatic
+F = $(notdir $+)
# environment
LESS = -R
# 'override' directive
GNUMAKEFLAGS := 
# environment
BROWSER = /home/clares/.vscode-server/bin/b06ae3b2d2dbfe28bca3134cc6be65935cdfea6a/bin/helpers/browser.sh
# environment
LOGNAME = clares
# makefile
.DEFAULT_GOAL := default
# environment
USER = clares
# default
MAKE_VERSION := 4.3
# environment
LC_MEASUREMENT = zh_CN.UTF-8
# makefile (from 'nemu/scripts/git.mk', line 1)
STUID = 201220000
# environment
PAGER = less
# environment
VSCODE_AGENT_FOLDER = /home/clares/.vscode-server
# environment
_ = /home/clares/.vscode-server/bin/b06ae3b2d2dbfe28bca3134cc6be65935cdfea6a/node
# environment
LC_PAPER = zh_CN.UTF-8
# environment
XDG_RUNTIME_DIR = /run/user/1000
# environment
VSCODE_IPC_HOOK_CLI = /run/user/1000/vscode-ipc-09a4de84-0e74-46c4-99f6-ec7b1338be93.sock
# environment
XDG_SESSION_CLASS = user
# environment
VSCODE_AMD_ENTRYPOINT = vs/workbench/api/node/extensionHostProcess
# environment
HOME = /home/clares
# environment
ELECTRON_RUN_AS_NODE = 1
# environment
XDG_SESSION_ID = 3
# default
.RECIPEPREFIX := 
# automatic
<F = $(notdir $<)
# environment
AM_HOME = /home/clares/ics-pa/abstract-machine
# default
SUFFIXES := 
# default
.FEATURES := target-specific order-only second-expansion else-if shortest-stem undefine oneshell nocomment grouped-target extra-prereqs archives jobserver output-sync check-symlink load
# environment
LC_IDENTIFICATION = zh_CN.UTF-8
# environment
SSH_CONNECTION = 172.16.200.1 39280 172.16.200.128 22
# variable set hash-table stats:
# Load=84/1024=8%, Rehash=0, Collisions=3/116=3%

# Pattern-specific Variable Values

# No pattern-specific variable values.

# Directories

# . (device 2051, inode 655981): 12 files, no impossibilities.

# 12 files, no impossibilities in 1 directories.

# Implicit Rules

# No implicit rules.

# Files

default:
#  Phony target (prerequisite of .PHONY).
#  Implicit rule search has not been done.
#  File does not exist.
#  File has not been updated.
#  recipe to execute (from 'Makefile', line 4):
	@echo "Please run 'make' under any subprojects to compile."

# Not a target:
Makefile:
#  Implicit rule search has been done.
#  Last modified 2022-07-18 20:48:18.552376407
#  File has been updated.
#  Successfully updated.

# Not a target:
.DEFAULT:
#  Implicit rule search has not been done.
#  Modification time never checked.
#  File has not been updated.

# Not a target:
all:
#  Command line target.
#  Implicit rule search has been done.
#  File does not exist.
#  File has not been updated.

# Not a target:
nemu/scripts/git.mk:
#  Implicit rule search has been done.
#  Last modified 2022-07-18 20:48:18.572377044
#  File has been updated.
#  Successfully updated.

submit:
#  Phony target (prerequisite of .PHONY).
#  Implicit rule search has not been done.
#  File does not exist.
#  File has not been updated.
#  recipe to execute (from 'Makefile', line 7):
	git gc
	STUID=$(STUID) STUNAME=$(STUNAME) bash -c "$$(curl -s http://jyywiki.cn/static/submit.sh)"

.PHONY: default submit
#  Implicit rule search has not been done.
#  Modification time never checked.
#  File has not been updated.

# files hash-table stats:
# Load=8/1024=1%, Rehash=0, Collisions=0/21=0%
# VPATH Search Paths

# No 'vpath' search paths.

# No general ('VPATH' variable) search path.

# strcache buffers: 1 (0) / strings = 21 / storage = 195 B / avg = 9 B
# current buf: size = 8162 B / used = 195 B / count = 21 / avg = 9 B

# strcache performance: lookups = 31 / hit rate = 32%
# hash-table stats:
# Load=21/8192=0%, Rehash=0, Collisions=0/31=0%
# Finished Make data base on Wed Jul 20 22:08:40 2022

 
